Determining if the pthread_create exist failed with the following output:
Change Dir: /home/fabio/Dropbox/Universidade/Bolsa/shared-ect/pcl/matrix_transform/build/CMakeFiles/CMakeTmp

Run Build Command:"/usr/bin/make" "cmTC_b0831/fast"
/usr/bin/make -f CMakeFiles/cmTC_b0831.dir/build.make CMakeFiles/cmTC_b0831.dir/build
make[1]: Entering directory '/home/fabio/Dropbox/Universidade/Bolsa/shared-ect/pcl/matrix_transform/build/CMakeFiles/CMakeTmp'
Building C object CMakeFiles/cmTC_b0831.dir/CheckSymbolExists.c.o
/usr/bin/cc    -o CMakeFiles/cmTC_b0831.dir/CheckSymbolExists.c.o   -c /home/fabio/Dropbox/Universidade/Bolsa/shared-ect/pcl/matrix_transform/build/CMakeFiles/CMakeTmp/CheckSymbolExists.c
Linking C executable cmTC_b0831
/usr/bin/cmake -E cmake_link_script CMakeFiles/cmTC_b0831.dir/link.txt --verbose=1
/usr/bin/cc      -rdynamic CMakeFiles/cmTC_b0831.dir/CheckSymbolExists.c.o  -o cmTC_b0831 
CMakeFiles/cmTC_b0831.dir/CheckSymbolExists.c.o: In function `main':
CheckSymbolExists.c:(.text+0x1b): undefined reference to `pthread_create'
collect2: error: ld returned 1 exit status
CMakeFiles/cmTC_b0831.dir/build.make:97: recipe for target 'cmTC_b0831' failed
make[1]: *** [cmTC_b0831] Error 1
make[1]: Leaving directory '/home/fabio/Dropbox/Universidade/Bolsa/shared-ect/pcl/matrix_transform/build/CMakeFiles/CMakeTmp'
Makefile:126: recipe for target 'cmTC_b0831/fast' failed
make: *** [cmTC_b0831/fast] Error 2

File /home/fabio/Dropbox/Universidade/Bolsa/shared-ect/pcl/matrix_transform/build/CMakeFiles/CMakeTmp/CheckSymbolExists.c:
/* */
#include <pthread.h>

int main(int argc, char** argv)
{
  (void)argv;
#ifndef pthread_create
  return ((int*)(&pthread_create))[argc];
#else
  (void)argc;
  return 0;
#endif
}

Determining if the function pthread_create exists in the pthreads failed with the following output:
Change Dir: /home/fabio/Dropbox/Universidade/Bolsa/shared-ect/pcl/matrix_transform/build/CMakeFiles/CMakeTmp

Run Build Command:"/usr/bin/make" "cmTC_8d58d/fast"
/usr/bin/make -f CMakeFiles/cmTC_8d58d.dir/build.make CMakeFiles/cmTC_8d58d.dir/build
make[1]: Entering directory '/home/fabio/Dropbox/Universidade/Bolsa/shared-ect/pcl/matrix_transform/build/CMakeFiles/CMakeTmp'
Building C object CMakeFiles/cmTC_8d58d.dir/CheckFunctionExists.c.o
/usr/bin/cc   -DCHECK_FUNCTION_EXISTS=pthread_create   -o CMakeFiles/cmTC_8d58d.dir/CheckFunctionExists.c.o   -c /usr/share/cmake-3.10/Modules/CheckFunctionExists.c
Linking C executable cmTC_8d58d
/usr/bin/cmake -E cmake_link_script CMakeFiles/cmTC_8d58d.dir/link.txt --verbose=1
/usr/bin/cc  -DCHECK_FUNCTION_EXISTS=pthread_create    -rdynamic CMakeFiles/cmTC_8d58d.dir/CheckFunctionExists.c.o  -o cmTC_8d58d -lpthreads 
/usr/bin/ld: cannot find -lpthreads
collect2: error: ld returned 1 exit status
CMakeFiles/cmTC_8d58d.dir/build.make:97: recipe for target 'cmTC_8d58d' failed
make[1]: *** [cmTC_8d58d] Error 1
make[1]: Leaving directory '/home/fabio/Dropbox/Universidade/Bolsa/shared-ect/pcl/matrix_transform/build/CMakeFiles/CMakeTmp'
Makefile:126: recipe for target 'cmTC_8d58d/fast' failed
make: *** [cmTC_8d58d/fast] Error 2


