Determining if the pthread_create exist failed with the following output:
Change Dir: /home/fabio/Dropbox/Universidade/Bolsa/shared-ect/pcl/openni_grabber/build/CMakeFiles/CMakeTmp

Run Build Command:"/usr/bin/make" "cmTC_d7a2b/fast"
/usr/bin/make -f CMakeFiles/cmTC_d7a2b.dir/build.make CMakeFiles/cmTC_d7a2b.dir/build
make[1]: Entering directory '/home/fabio/Dropbox/Universidade/Bolsa/shared-ect/pcl/openni_grabber/build/CMakeFiles/CMakeTmp'
Building C object CMakeFiles/cmTC_d7a2b.dir/CheckSymbolExists.c.o
/usr/bin/cc    -o CMakeFiles/cmTC_d7a2b.dir/CheckSymbolExists.c.o   -c /home/fabio/Dropbox/Universidade/Bolsa/shared-ect/pcl/openni_grabber/build/CMakeFiles/CMakeTmp/CheckSymbolExists.c
Linking C executable cmTC_d7a2b
/usr/bin/cmake -E cmake_link_script CMakeFiles/cmTC_d7a2b.dir/link.txt --verbose=1
/usr/bin/cc      -rdynamic CMakeFiles/cmTC_d7a2b.dir/CheckSymbolExists.c.o  -o cmTC_d7a2b 
CMakeFiles/cmTC_d7a2b.dir/CheckSymbolExists.c.o: In function `main':
CheckSymbolExists.c:(.text+0x1b): undefined reference to `pthread_create'
collect2: error: ld returned 1 exit status
CMakeFiles/cmTC_d7a2b.dir/build.make:97: recipe for target 'cmTC_d7a2b' failed
make[1]: *** [cmTC_d7a2b] Error 1
make[1]: Leaving directory '/home/fabio/Dropbox/Universidade/Bolsa/shared-ect/pcl/openni_grabber/build/CMakeFiles/CMakeTmp'
Makefile:126: recipe for target 'cmTC_d7a2b/fast' failed
make: *** [cmTC_d7a2b/fast] Error 2

File /home/fabio/Dropbox/Universidade/Bolsa/shared-ect/pcl/openni_grabber/build/CMakeFiles/CMakeTmp/CheckSymbolExists.c:
/* */
#include <pthread.h>

int main(int argc, char** argv)
{
  (void)argv;
#ifndef pthread_create
  return ((int*)(&pthread_create))[argc];
#else
  (void)argc;
  return 0;
#endif
}

Determining if the function pthread_create exists in the pthreads failed with the following output:
Change Dir: /home/fabio/Dropbox/Universidade/Bolsa/shared-ect/pcl/openni_grabber/build/CMakeFiles/CMakeTmp

Run Build Command:"/usr/bin/make" "cmTC_a0d5e/fast"
/usr/bin/make -f CMakeFiles/cmTC_a0d5e.dir/build.make CMakeFiles/cmTC_a0d5e.dir/build
make[1]: Entering directory '/home/fabio/Dropbox/Universidade/Bolsa/shared-ect/pcl/openni_grabber/build/CMakeFiles/CMakeTmp'
Building C object CMakeFiles/cmTC_a0d5e.dir/CheckFunctionExists.c.o
/usr/bin/cc   -DCHECK_FUNCTION_EXISTS=pthread_create   -o CMakeFiles/cmTC_a0d5e.dir/CheckFunctionExists.c.o   -c /usr/share/cmake-3.10/Modules/CheckFunctionExists.c
Linking C executable cmTC_a0d5e
/usr/bin/cmake -E cmake_link_script CMakeFiles/cmTC_a0d5e.dir/link.txt --verbose=1
/usr/bin/cc  -DCHECK_FUNCTION_EXISTS=pthread_create    -rdynamic CMakeFiles/cmTC_a0d5e.dir/CheckFunctionExists.c.o  -o cmTC_a0d5e -lpthreads 
/usr/bin/ld: cannot find -lpthreads
collect2: error: ld returned 1 exit status
CMakeFiles/cmTC_a0d5e.dir/build.make:97: recipe for target 'cmTC_a0d5e' failed
make[1]: *** [cmTC_a0d5e] Error 1
make[1]: Leaving directory '/home/fabio/Dropbox/Universidade/Bolsa/shared-ect/pcl/openni_grabber/build/CMakeFiles/CMakeTmp'
Makefile:126: recipe for target 'cmTC_a0d5e/fast' failed
make: *** [cmTC_a0d5e/fast] Error 2


